<?xml version="1.0" encoding="UTF-8"?>
<testsuite name="TestB" tests="1" skipped="0" failures="0" errors="0" timestamp="2021-02-22T03:31:31" hostname="DESKTOP-HNG3HQ1" time="0.045">
  <properties/>
  <testcase name="GIVEN WHEN THEN" classname="TestB" time="0.045"/>
  <system-out><![CDATA[]]></system-out>
  <system-err><![CDATA[]]></system-err>
</testsuite>
